{"/Users/float/Desktop/GitHub/TVVM/dist/tvvm.js": {"path":"/Users/float/Desktop/GitHub/TVVM/dist/tvvm.js","statementMap":{"0":{"start":{"line":11,"column":0},"end":{"line":404,"column":5}},"1":{"start":{"line":12,"column":2},"end":{"line":14,"column":28}},"2":{"start":{"line":17,"column":16},"end":{"line":21,"column":3}},"3":{"start":{"line":18,"column":4},"end":{"line":18,"column":22}},"4":{"start":{"line":20,"column":4},"end":{"line":20,"column":129}},"5":{"start":{"line":23,"column":23},"end":{"line":27,"column":3}},"6":{"start":{"line":24,"column":4},"end":{"line":26,"column":5}},"7":{"start":{"line":25,"column":6},"end":{"line":25,"column":63}},"8":{"start":{"line":29,"column":20},"end":{"line":45,"column":5}},"9":{"start":{"line":31,"column":6},"end":{"line":37,"column":7}},"10":{"start":{"line":32,"column":25},"end":{"line":32,"column":33}},"11":{"start":{"line":33,"column":8},"end":{"line":33,"column":63}},"12":{"start":{"line":34,"column":8},"end":{"line":34,"column":39}},"13":{"start":{"line":35,"column":8},"end":{"line":35,"column":62}},"14":{"start":{"line":35,"column":35},"end":{"line":35,"column":62}},"15":{"start":{"line":36,"column":8},"end":{"line":36,"column":66}},"16":{"start":{"line":40,"column":4},"end":{"line":44,"column":6}},"17":{"start":{"line":41,"column":6},"end":{"line":41,"column":74}},"18":{"start":{"line":41,"column":22},"end":{"line":41,"column":74}},"19":{"start":{"line":42,"column":6},"end":{"line":42,"column":66}},"20":{"start":{"line":42,"column":23},"end":{"line":42,"column":66}},"21":{"start":{"line":43,"column":6},"end":{"line":43,"column":25}},"22":{"start":{"line":47,"column":12},"end":{"line":68,"column":5}},"23":{"start":{"line":49,"column":10},"end":{"line":49,"column":36}},"24":{"start":{"line":51,"column":10},"end":{"line":51,"column":25}},"25":{"start":{"line":54,"column":6},"end":{"line":66,"column":10}},"26":{"start":{"line":57,"column":14},"end":{"line":57,"column":38}},"27":{"start":{"line":62,"column":14},"end":{"line":64,"column":17}},"28":{"start":{"line":63,"column":18},"end":{"line":63,"column":42}},"29":{"start":{"line":67,"column":6},"end":{"line":67,"column":17}},"30":{"start":{"line":70,"column":17},"end":{"line":123,"column":5}},"31":{"start":{"line":72,"column":10},"end":{"line":72,"column":41}},"32":{"start":{"line":74,"column":10},"end":{"line":74,"column":30}},"33":{"start":{"line":77,"column":6},"end":{"line":121,"column":10}},"34":{"start":{"line":80,"column":27},"end":{"line":80,"column":31}},"35":{"start":{"line":83,"column":14},"end":{"line":85,"column":15}},"36":{"start":{"line":84,"column":18},"end":{"line":84,"column":25}},"37":{"start":{"line":86,"column":14},"end":{"line":90,"column":17}},"38":{"start":{"line":88,"column":18},"end":{"line":88,"column":45}},"39":{"start":{"line":89,"column":18},"end":{"line":89,"column":48}},"40":{"start":{"line":97,"column":26},"end":{"line":97,"column":34}},"41":{"start":{"line":98,"column":26},"end":{"line":98,"column":30}},"42":{"start":{"line":99,"column":24},"end":{"line":99,"column":33}},"43":{"start":{"line":100,"column":14},"end":{"line":119,"column":17}},"44":{"start":{"line":105,"column":22},"end":{"line":105,"column":60}},"45":{"start":{"line":107,"column":22},"end":{"line":107,"column":35}},"46":{"start":{"line":110,"column":22},"end":{"line":117,"column":23}},"47":{"start":{"line":112,"column":26},"end":{"line":112,"column":51}},"48":{"start":{"line":114,"column":26},"end":{"line":114,"column":43}},"49":{"start":{"line":116,"column":26},"end":{"line":116,"column":39}},"50":{"start":{"line":122,"column":6},"end":{"line":122,"column":22}},"51":{"start":{"line":125,"column":16},"end":{"line":163,"column":5}},"52":{"start":{"line":127,"column":10},"end":{"line":127,"column":40}},"53":{"start":{"line":129,"column":10},"end":{"line":129,"column":23}},"54":{"start":{"line":130,"column":10},"end":{"line":130,"column":27}},"55":{"start":{"line":131,"column":10},"end":{"line":131,"column":23}},"56":{"start":{"line":133,"column":10},"end":{"line":133,"column":49}},"57":{"start":{"line":136,"column":6},"end":{"line":161,"column":10}},"58":{"start":{"line":139,"column":14},"end":{"line":139,"column":32}},"59":{"start":{"line":140,"column":26},"end":{"line":140,"column":50}},"60":{"start":{"line":141,"column":14},"end":{"line":141,"column":32}},"61":{"start":{"line":142,"column":14},"end":{"line":142,"column":27}},"62":{"start":{"line":147,"column":24},"end":{"line":147,"column":39}},"63":{"start":{"line":148,"column":14},"end":{"line":150,"column":32}},"64":{"start":{"line":149,"column":18},"end":{"line":149,"column":36}},"65":{"start":{"line":155,"column":27},"end":{"line":155,"column":37}},"66":{"start":{"line":156,"column":27},"end":{"line":156,"column":51}},"67":{"start":{"line":157,"column":14},"end":{"line":159,"column":15}},"68":{"start":{"line":158,"column":18},"end":{"line":158,"column":45}},"69":{"start":{"line":162,"column":6},"end":{"line":162,"column":21}},"70":{"start":{"line":165,"column":17},"end":{"line":326,"column":5}},"71":{"start":{"line":167,"column":10},"end":{"line":167,"column":41}},"72":{"start":{"line":170,"column":10},"end":{"line":170,"column":36}},"73":{"start":{"line":172,"column":10},"end":{"line":172,"column":23}},"74":{"start":{"line":174,"column":10},"end":{"line":190,"column":11}},"75":{"start":{"line":180,"column":29},"end":{"line":180,"column":53}},"76":{"start":{"line":183,"column":14},"end":{"line":183,"column":37}},"77":{"start":{"line":186,"column":14},"end":{"line":186,"column":44}},"78":{"start":{"line":189,"column":14},"end":{"line":189,"column":64}},"79":{"start":{"line":196,"column":6},"end":{"line":324,"column":10}},"80":{"start":{"line":199,"column":26},"end":{"line":199,"column":30}},"81":{"start":{"line":201,"column":31},"end":{"line":201,"column":52}},"82":{"start":{"line":203,"column":14},"end":{"line":210,"column":17}},"83":{"start":{"line":204,"column":18},"end":{"line":209,"column":19}},"84":{"start":{"line":205,"column":22},"end":{"line":205,"column":42}},"85":{"start":{"line":206,"column":22},"end":{"line":206,"column":46}},"86":{"start":{"line":207,"column":25},"end":{"line":209,"column":19}},"87":{"start":{"line":208,"column":22},"end":{"line":208,"column":46}},"88":{"start":{"line":218,"column":27},"end":{"line":218,"column":31}},"89":{"start":{"line":221,"column":24},"end":{"line":221,"column":42}},"90":{"start":{"line":223,"column":25},"end":{"line":223,"column":41}},"91":{"start":{"line":224,"column":14},"end":{"line":237,"column":15}},"92":{"start":{"line":226,"column":33},"end":{"line":233,"column":20}},"93":{"start":{"line":228,"column":22},"end":{"line":231,"column":25}},"94":{"start":{"line":230,"column":26},"end":{"line":230,"column":73}},"95":{"start":{"line":232,"column":22},"end":{"line":232,"column":78}},"96":{"start":{"line":235,"column":34},"end":{"line":235,"column":73}},"97":{"start":{"line":236,"column":18},"end":{"line":236,"column":67}},"98":{"start":{"line":246,"column":24},"end":{"line":246,"column":47}},"99":{"start":{"line":247,"column":24},"end":{"line":249,"column":22}},"100":{"start":{"line":248,"column":18},"end":{"line":248,"column":36}},"101":{"start":{"line":250,"column":14},"end":{"line":250,"column":25}},"102":{"start":{"line":258,"column":27},"end":{"line":258,"column":31}},"103":{"start":{"line":260,"column":26},"end":{"line":260,"column":50}},"104":{"start":{"line":262,"column":14},"end":{"line":262,"column":53}},"105":{"start":{"line":263,"column":14},"end":{"line":271,"column":17}},"106":{"start":{"line":264,"column":29},"end":{"line":264,"column":52}},"107":{"start":{"line":265,"column":30},"end":{"line":265,"column":69}},"108":{"start":{"line":266,"column":18},"end":{"line":270,"column":19}},"109":{"start":{"line":267,"column":22},"end":{"line":267,"column":70}},"110":{"start":{"line":269,"column":22},"end":{"line":269,"column":68}},"111":{"start":{"line":279,"column":14},"end":{"line":279,"column":41}},"112":{"start":{"line":287,"column":14},"end":{"line":291,"column":15}},"113":{"start":{"line":288,"column":18},"end":{"line":288,"column":28}},"114":{"start":{"line":290,"column":18},"end":{"line":290,"column":60}},"115":{"start":{"line":299,"column":14},"end":{"line":299,"column":39}},"116":{"start":{"line":304,"column":14},"end":{"line":304,"column":39}},"117":{"start":{"line":312,"column":29},"end":{"line":312,"column":62}},"118":{"start":{"line":313,"column":31},"end":{"line":313,"column":37}},"119":{"start":{"line":315,"column":14},"end":{"line":321,"column":15}},"120":{"start":{"line":317,"column":18},"end":{"line":317,"column":51}},"121":{"start":{"line":322,"column":14},"end":{"line":322,"column":30}},"122":{"start":{"line":325,"column":6},"end":{"line":325,"column":22}},"123":{"start":{"line":331,"column":20},"end":{"line":357,"column":3}},"124":{"start":{"line":334,"column":10},"end":{"line":334,"column":44}},"125":{"start":{"line":339,"column":23},"end":{"line":339,"column":27}},"126":{"start":{"line":341,"column":10},"end":{"line":341,"column":39}},"127":{"start":{"line":342,"column":10},"end":{"line":344,"column":13}},"128":{"start":{"line":343,"column":14},"end":{"line":343,"column":60}},"129":{"start":{"line":348,"column":20},"end":{"line":348,"column":35}},"130":{"start":{"line":349,"column":10},"end":{"line":355,"column":18}},"131":{"start":{"line":350,"column":14},"end":{"line":354,"column":15}},"132":{"start":{"line":351,"column":18},"end":{"line":351,"column":37}},"133":{"start":{"line":353,"column":18},"end":{"line":353,"column":36}},"134":{"start":{"line":359,"column":13},"end":{"line":400,"column":5}},"135":{"start":{"line":361,"column":10},"end":{"line":361,"column":37}},"136":{"start":{"line":364,"column":10},"end":{"line":364,"column":32}},"137":{"start":{"line":366,"column":10},"end":{"line":366,"column":90}},"138":{"start":{"line":368,"column":10},"end":{"line":368,"column":33}},"139":{"start":{"line":371,"column":10},"end":{"line":375,"column":11}},"140":{"start":{"line":373,"column":14},"end":{"line":373,"column":39}},"141":{"start":{"line":374,"column":14},"end":{"line":374,"column":43}},"142":{"start":{"line":380,"column":6},"end":{"line":398,"column":10}},"143":{"start":{"line":383,"column":26},"end":{"line":383,"column":30}},"144":{"start":{"line":385,"column":14},"end":{"line":396,"column":17}},"145":{"start":{"line":386,"column":18},"end":{"line":395,"column":21}},"146":{"start":{"line":390,"column":26},"end":{"line":390,"column":43}},"147":{"start":{"line":393,"column":26},"end":{"line":393,"column":47}},"148":{"start":{"line":399,"column":6},"end":{"line":399,"column":18}},"149":{"start":{"line":402,"column":2},"end":{"line":402,"column":14}}},"fnMap":{"0":{"name":"(anonymous_0)","decl":{"start":{"line":11,"column":1},"end":{"line":11,"column":2}},"loc":{"start":{"line":11,"column":28},"end":{"line":15,"column":1}},"line":11},"1":{"name":"(anonymous_1)","decl":{"start":{"line":15,"column":9},"end":{"line":15,"column":10}},"loc":{"start":{"line":15,"column":21},"end":{"line":404,"column":1}},"line":15},"2":{"name":"(anonymous_2)","decl":{"start":{"line":17,"column":86},"end":{"line":17,"column":87}},"loc":{"start":{"line":17,"column":101},"end":{"line":19,"column":3}},"line":17},"3":{"name":"(anonymous_3)","decl":{"start":{"line":19,"column":6},"end":{"line":19,"column":7}},"loc":{"start":{"line":19,"column":21},"end":{"line":21,"column":3}},"line":19},"4":{"name":"(anonymous_4)","decl":{"start":{"line":23,"column":23},"end":{"line":23,"column":24}},"loc":{"start":{"line":23,"column":56},"end":{"line":27,"column":3}},"line":23},"5":{"name":"(anonymous_5)","decl":{"start":{"line":29,"column":20},"end":{"line":29,"column":21}},"loc":{"start":{"line":29,"column":32},"end":{"line":45,"column":3}},"line":29},"6":{"name":"defineProperties","decl":{"start":{"line":30,"column":13},"end":{"line":30,"column":29}},"loc":{"start":{"line":30,"column":45},"end":{"line":38,"column":5}},"line":30},"7":{"name":"(anonymous_7)","decl":{"start":{"line":40,"column":11},"end":{"line":40,"column":12}},"loc":{"start":{"line":40,"column":59},"end":{"line":44,"column":5}},"line":40},"8":{"name":"(anonymous_8)","decl":{"start":{"line":47,"column":12},"end":{"line":47,"column":13}},"loc":{"start":{"line":47,"column":24},"end":{"line":68,"column":3}},"line":47},"9":{"name":"Dep","decl":{"start":{"line":48,"column":15},"end":{"line":48,"column":18}},"loc":{"start":{"line":48,"column":21},"end":{"line":52,"column":7}},"line":48},"10":{"name":"addSubs","decl":{"start":{"line":56,"column":26},"end":{"line":56,"column":33}},"loc":{"start":{"line":56,"column":43},"end":{"line":58,"column":11}},"line":56},"11":{"name":"notify","decl":{"start":{"line":61,"column":26},"end":{"line":61,"column":32}},"loc":{"start":{"line":61,"column":35},"end":{"line":65,"column":11}},"line":61},"12":{"name":"(anonymous_12)","decl":{"start":{"line":62,"column":32},"end":{"line":62,"column":33}},"loc":{"start":{"line":62,"column":51},"end":{"line":64,"column":15}},"line":62},"13":{"name":"(anonymous_13)","decl":{"start":{"line":70,"column":17},"end":{"line":70,"column":18}},"loc":{"start":{"line":70,"column":29},"end":{"line":123,"column":3}},"line":70},"14":{"name":"Observer","decl":{"start":{"line":71,"column":15},"end":{"line":71,"column":23}},"loc":{"start":{"line":71,"column":30},"end":{"line":75,"column":7}},"line":71},"15":{"name":"observer","decl":{"start":{"line":79,"column":26},"end":{"line":79,"column":34}},"loc":{"start":{"line":79,"column":41},"end":{"line":91,"column":11}},"line":79},"16":{"name":"(anonymous_16)","decl":{"start":{"line":86,"column":40},"end":{"line":86,"column":41}},"loc":{"start":{"line":86,"column":55},"end":{"line":90,"column":15}},"line":86},"17":{"name":"setReactive","decl":{"start":{"line":96,"column":26},"end":{"line":96,"column":37}},"loc":{"start":{"line":96,"column":48},"end":{"line":120,"column":11}},"line":96},"18":{"name":"get$$1","decl":{"start":{"line":103,"column":32},"end":{"line":103,"column":38}},"loc":{"start":{"line":103,"column":41},"end":{"line":108,"column":19}},"line":103},"19":{"name":"set$$1","decl":{"start":{"line":109,"column":32},"end":{"line":109,"column":38}},"loc":{"start":{"line":109,"column":49},"end":{"line":118,"column":19}},"line":109},"20":{"name":"(anonymous_20)","decl":{"start":{"line":125,"column":16},"end":{"line":125,"column":17}},"loc":{"start":{"line":125,"column":28},"end":{"line":163,"column":3}},"line":125},"21":{"name":"Watcher","decl":{"start":{"line":126,"column":15},"end":{"line":126,"column":22}},"loc":{"start":{"line":126,"column":37},"end":{"line":134,"column":7}},"line":126},"22":{"name":"getValAndSetTarget","decl":{"start":{"line":138,"column":26},"end":{"line":138,"column":44}},"loc":{"start":{"line":138,"column":47},"end":{"line":143,"column":11}},"line":138},"23":{"name":"getValue","decl":{"start":{"line":146,"column":26},"end":{"line":146,"column":34}},"loc":{"start":{"line":146,"column":41},"end":{"line":151,"column":11}},"line":146},"24":{"name":"(anonymous_24)","decl":{"start":{"line":148,"column":32},"end":{"line":148,"column":33}},"loc":{"start":{"line":148,"column":54},"end":{"line":150,"column":15}},"line":148},"25":{"name":"update","decl":{"start":{"line":154,"column":26},"end":{"line":154,"column":32}},"loc":{"start":{"line":154,"column":35},"end":{"line":160,"column":11}},"line":154},"26":{"name":"(anonymous_26)","decl":{"start":{"line":165,"column":17},"end":{"line":165,"column":18}},"loc":{"start":{"line":165,"column":29},"end":{"line":326,"column":3}},"line":165},"27":{"name":"Compiler","decl":{"start":{"line":166,"column":15},"end":{"line":166,"column":23}},"loc":{"start":{"line":166,"column":32},"end":{"line":191,"column":7}},"line":166},"28":{"name":"compile","decl":{"start":{"line":198,"column":26},"end":{"line":198,"column":33}},"loc":{"start":{"line":198,"column":46},"end":{"line":211,"column":11}},"line":198},"29":{"name":"(anonymous_29)","decl":{"start":{"line":203,"column":33},"end":{"line":203,"column":34}},"loc":{"start":{"line":203,"column":56},"end":{"line":210,"column":15}},"line":203},"30":{"name":"compileText","decl":{"start":{"line":217,"column":26},"end":{"line":217,"column":37}},"loc":{"start":{"line":217,"column":44},"end":{"line":238,"column":11}},"line":217},"31":{"name":"(anonymous_31)","decl":{"start":{"line":226,"column":51},"end":{"line":226,"column":52}},"loc":{"start":{"line":226,"column":63},"end":{"line":233,"column":19}},"line":226},"32":{"name":"(anonymous_32)","decl":{"start":{"line":228,"column":95},"end":{"line":228,"column":96}},"loc":{"start":{"line":228,"column":112},"end":{"line":231,"column":23}},"line":228},"33":{"name":"splitData","decl":{"start":{"line":244,"column":26},"end":{"line":244,"column":35}},"loc":{"start":{"line":244,"column":48},"end":{"line":251,"column":11}},"line":244},"34":{"name":"(anonymous_34)","decl":{"start":{"line":247,"column":35},"end":{"line":247,"column":36}},"loc":{"start":{"line":247,"column":57},"end":{"line":249,"column":15}},"line":247},"35":{"name":"compileNode","decl":{"start":{"line":257,"column":26},"end":{"line":257,"column":37}},"loc":{"start":{"line":257,"column":44},"end":{"line":272,"column":11}},"line":257},"36":{"name":"(anonymous_36)","decl":{"start":{"line":263,"column":28},"end":{"line":263,"column":29}},"loc":{"start":{"line":263,"column":44},"end":{"line":271,"column":15}},"line":263},"37":{"name":"isDirective","decl":{"start":{"line":278,"column":26},"end":{"line":278,"column":37}},"loc":{"start":{"line":278,"column":44},"end":{"line":280,"column":11}},"line":278},"38":{"name":"getDOM","decl":{"start":{"line":286,"column":26},"end":{"line":286,"column":32}},"loc":{"start":{"line":286,"column":37},"end":{"line":292,"column":11}},"line":286},"39":{"name":"isElement","decl":{"start":{"line":298,"column":26},"end":{"line":298,"column":35}},"loc":{"start":{"line":298,"column":40},"end":{"line":300,"column":11}},"line":298},"40":{"name":"isText","decl":{"start":{"line":303,"column":26},"end":{"line":303,"column":32}},"loc":{"start":{"line":303,"column":37},"end":{"line":305,"column":11}},"line":303},"41":{"name":"toFragment","decl":{"start":{"line":311,"column":26},"end":{"line":311,"column":36}},"loc":{"start":{"line":311,"column":41},"end":{"line":323,"column":11}},"line":311},"42":{"name":"updateText","decl":{"start":{"line":332,"column":27},"end":{"line":332,"column":37}},"loc":{"start":{"line":332,"column":60},"end":{"line":335,"column":7}},"line":332},"43":{"name":"tModel","decl":{"start":{"line":338,"column":26},"end":{"line":338,"column":32}},"loc":{"start":{"line":338,"column":56},"end":{"line":345,"column":7}},"line":338},"44":{"name":"(anonymous_44)","decl":{"start":{"line":342,"column":41},"end":{"line":342,"column":42}},"loc":{"start":{"line":342,"column":54},"end":{"line":344,"column":11}},"line":342},"45":{"name":"setVal","decl":{"start":{"line":347,"column":23},"end":{"line":347,"column":29}},"loc":{"start":{"line":347,"column":48},"end":{"line":356,"column":7}},"line":347},"46":{"name":"(anonymous_46)","decl":{"start":{"line":349,"column":21},"end":{"line":349,"column":22}},"loc":{"start":{"line":349,"column":43},"end":{"line":355,"column":11}},"line":349},"47":{"name":"(anonymous_47)","decl":{"start":{"line":359,"column":13},"end":{"line":359,"column":14}},"loc":{"start":{"line":359,"column":25},"end":{"line":400,"column":3}},"line":359},"48":{"name":"TVVM","decl":{"start":{"line":360,"column":15},"end":{"line":360,"column":19}},"loc":{"start":{"line":360,"column":29},"end":{"line":376,"column":7}},"line":360},"49":{"name":"proxy","decl":{"start":{"line":382,"column":26},"end":{"line":382,"column":31}},"loc":{"start":{"line":382,"column":38},"end":{"line":397,"column":11}},"line":382},"50":{"name":"(anonymous_50)","decl":{"start":{"line":385,"column":40},"end":{"line":385,"column":41}},"loc":{"start":{"line":385,"column":55},"end":{"line":396,"column":15}},"line":385},"51":{"name":"get$$1","decl":{"start":{"line":389,"column":36},"end":{"line":389,"column":42}},"loc":{"start":{"line":389,"column":45},"end":{"line":391,"column":23}},"line":389},"52":{"name":"set$$1","decl":{"start":{"line":392,"column":36},"end":{"line":392,"column":42}},"loc":{"start":{"line":392,"column":53},"end":{"line":394,"column":23}},"line":392}},"branchMap":{"0":{"loc":{"start":{"line":12,"column":2},"end":{"line":14,"column":27}},"type":"cond-expr","locations":[{"start":{"line":12,"column":65},"end":{"line":12,"column":91}},{"start":{"line":13,"column":2},"end":{"line":14,"column":27}}],"line":12},"1":{"loc":{"start":{"line":12,"column":2},"end":{"line":12,"column":62}},"type":"binary-expr","locations":[{"start":{"line":12,"column":2},"end":{"line":12,"column":29}},{"start":{"line":12,"column":33},"end":{"line":12,"column":62}}],"line":12},"2":{"loc":{"start":{"line":13,"column":2},"end":{"line":14,"column":27}},"type":"cond-expr","locations":[{"start":{"line":13,"column":47},"end":{"line":13,"column":62}},{"start":{"line":14,"column":3},"end":{"line":14,"column":26}}],"line":13},"3":{"loc":{"start":{"line":13,"column":2},"end":{"line":13,"column":44}},"type":"binary-expr","locations":[{"start":{"line":13,"column":2},"end":{"line":13,"column":30}},{"start":{"line":13,"column":34},"end":{"line":13,"column":44}}],"line":13},"4":{"loc":{"start":{"line":17,"column":16},"end":{"line":21,"column":3}},"type":"cond-expr","locations":[{"start":{"line":17,"column":86},"end":{"line":19,"column":3}},{"start":{"line":19,"column":6},"end":{"line":21,"column":3}}],"line":17},"5":{"loc":{"start":{"line":17,"column":16},"end":{"line":17,"column":83}},"type":"binary-expr","locations":[{"start":{"line":17,"column":16},"end":{"line":17,"column":44}},{"start":{"line":17,"column":48},"end":{"line":17,"column":83}}],"line":17},"6":{"loc":{"start":{"line":20,"column":11},"end":{"line":20,"column":128}},"type":"cond-expr","locations":[{"start":{"line":20,"column":107},"end":{"line":20,"column":115}},{"start":{"line":20,"column":118},"end":{"line":20,"column":128}}],"line":20},"7":{"loc":{"start":{"line":20,"column":11},"end":{"line":20,"column":104}},"type":"binary-expr","locations":[{"start":{"line":20,"column":11},"end":{"line":20,"column":14}},{"start":{"line":20,"column":18},"end":{"line":20,"column":46}},{"start":{"line":20,"column":50},"end":{"line":20,"column":76}},{"start":{"line":20,"column":80},"end":{"line":20,"column":104}}],"line":20},"8":{"loc":{"start":{"line":24,"column":4},"end":{"line":26,"column":5}},"type":"if","locations":[{"start":{"line":24,"column":4},"end":{"line":26,"column":5}},{"start":{"line":24,"column":4},"end":{"line":26,"column":5}}],"line":24},"9":{"loc":{"start":{"line":33,"column":32},"end":{"line":33,"column":62}},"type":"binary-expr","locations":[{"start":{"line":33,"column":32},"end":{"line":33,"column":53}},{"start":{"line":33,"column":57},"end":{"line":33,"column":62}}],"line":33},"10":{"loc":{"start":{"line":35,"column":8},"end":{"line":35,"column":62}},"type":"if","locations":[{"start":{"line":35,"column":8},"end":{"line":35,"column":62}},{"start":{"line":35,"column":8},"end":{"line":35,"column":62}}],"line":35},"11":{"loc":{"start":{"line":41,"column":6},"end":{"line":41,"column":74}},"type":"if","locations":[{"start":{"line":41,"column":6},"end":{"line":41,"column":74}},{"start":{"line":41,"column":6},"end":{"line":41,"column":74}}],"line":41},"12":{"loc":{"start":{"line":42,"column":6},"end":{"line":42,"column":66}},"type":"if","locations":[{"start":{"line":42,"column":6},"end":{"line":42,"column":66}},{"start":{"line":42,"column":6},"end":{"line":42,"column":66}}],"line":42},"13":{"loc":{"start":{"line":83,"column":14},"end":{"line":85,"column":15}},"type":"if","locations":[{"start":{"line":83,"column":14},"end":{"line":85,"column":15}},{"start":{"line":83,"column":14},"end":{"line":85,"column":15}}],"line":83},"14":{"loc":{"start":{"line":83,"column":18},"end":{"line":83,"column":99}},"type":"binary-expr","locations":[{"start":{"line":83,"column":18},"end":{"line":83,"column":23}},{"start":{"line":83,"column":27},"end":{"line":83,"column":99}}],"line":83},"15":{"loc":{"start":{"line":83,"column":28},"end":{"line":83,"column":85}},"type":"cond-expr","locations":[{"start":{"line":83,"column":58},"end":{"line":83,"column":69}},{"start":{"line":83,"column":72},"end":{"line":83,"column":85}}],"line":83},"16":{"loc":{"start":{"line":105,"column":22},"end":{"line":105,"column":59}},"type":"binary-expr","locations":[{"start":{"line":105,"column":22},"end":{"line":105,"column":32}},{"start":{"line":105,"column":36},"end":{"line":105,"column":59}}],"line":105},"17":{"loc":{"start":{"line":110,"column":22},"end":{"line":117,"column":23}},"type":"if","locations":[{"start":{"line":110,"column":22},"end":{"line":117,"column":23}},{"start":{"line":110,"column":22},"end":{"line":117,"column":23}}],"line":110},"18":{"loc":{"start":{"line":157,"column":14},"end":{"line":159,"column":15}},"type":"if","locations":[{"start":{"line":157,"column":14},"end":{"line":159,"column":15}},{"start":{"line":157,"column":14},"end":{"line":159,"column":15}}],"line":157},"19":{"loc":{"start":{"line":158,"column":18},"end":{"line":158,"column":44}},"type":"binary-expr","locations":[{"start":{"line":158,"column":18},"end":{"line":158,"column":25}},{"start":{"line":158,"column":29},"end":{"line":158,"column":44}}],"line":158},"20":{"loc":{"start":{"line":174,"column":10},"end":{"line":190,"column":11}},"type":"if","locations":[{"start":{"line":174,"column":10},"end":{"line":190,"column":11}},{"start":{"line":174,"column":10},"end":{"line":190,"column":11}}],"line":174},"21":{"loc":{"start":{"line":204,"column":18},"end":{"line":209,"column":19}},"type":"if","locations":[{"start":{"line":204,"column":18},"end":{"line":209,"column":19}},{"start":{"line":204,"column":18},"end":{"line":209,"column":19}}],"line":204},"22":{"loc":{"start":{"line":207,"column":25},"end":{"line":209,"column":19}},"type":"if","locations":[{"start":{"line":207,"column":25},"end":{"line":209,"column":19}},{"start":{"line":207,"column":25},"end":{"line":209,"column":19}}],"line":207},"23":{"loc":{"start":{"line":224,"column":14},"end":{"line":237,"column":15}},"type":"if","locations":[{"start":{"line":224,"column":14},"end":{"line":237,"column":15}},{"start":{"line":224,"column":14},"end":{"line":237,"column":15}}],"line":224},"24":{"loc":{"start":{"line":228,"column":45},"end":{"line":228,"column":93}},"type":"cond-expr","locations":[{"start":{"line":228,"column":69},"end":{"line":228,"column":78}},{"start":{"line":228,"column":81},"end":{"line":228,"column":93}}],"line":228},"25":{"loc":{"start":{"line":232,"column":29},"end":{"line":232,"column":77}},"type":"cond-expr","locations":[{"start":{"line":232,"column":53},"end":{"line":232,"column":62}},{"start":{"line":232,"column":65},"end":{"line":232,"column":77}}],"line":232},"26":{"loc":{"start":{"line":246,"column":24},"end":{"line":246,"column":47}},"type":"binary-expr","locations":[{"start":{"line":246,"column":24},"end":{"line":246,"column":28}},{"start":{"line":246,"column":32},"end":{"line":246,"column":47}}],"line":246},"27":{"loc":{"start":{"line":266,"column":18},"end":{"line":270,"column":19}},"type":"if","locations":[{"start":{"line":266,"column":18},"end":{"line":270,"column":19}},{"start":{"line":266,"column":18},"end":{"line":270,"column":19}}],"line":266},"28":{"loc":{"start":{"line":287,"column":14},"end":{"line":291,"column":15}},"type":"if","locations":[{"start":{"line":287,"column":14},"end":{"line":291,"column":15}},{"start":{"line":287,"column":14},"end":{"line":291,"column":15}}],"line":287},"29":{"loc":{"start":{"line":290,"column":25},"end":{"line":290,"column":59}},"type":"binary-expr","locations":[{"start":{"line":290,"column":25},"end":{"line":290,"column":51}},{"start":{"line":290,"column":55},"end":{"line":290,"column":59}}],"line":290},"30":{"loc":{"start":{"line":334,"column":10},"end":{"line":334,"column":43}},"type":"binary-expr","locations":[{"start":{"line":334,"column":10},"end":{"line":334,"column":14}},{"start":{"line":334,"column":19},"end":{"line":334,"column":42}}],"line":334},"31":{"loc":{"start":{"line":341,"column":10},"end":{"line":341,"column":38}},"type":"binary-expr","locations":[{"start":{"line":341,"column":10},"end":{"line":341,"column":14}},{"start":{"line":341,"column":19},"end":{"line":341,"column":37}}],"line":341},"32":{"loc":{"start":{"line":350,"column":14},"end":{"line":354,"column":15}},"type":"if","locations":[{"start":{"line":350,"column":14},"end":{"line":354,"column":15}},{"start":{"line":350,"column":14},"end":{"line":354,"column":15}}],"line":350},"33":{"loc":{"start":{"line":366,"column":23},"end":{"line":366,"column":89}},"type":"cond-expr","locations":[{"start":{"line":366,"column":60},"end":{"line":366,"column":74}},{"start":{"line":366,"column":77},"end":{"line":366,"column":89}}],"line":366},"34":{"loc":{"start":{"line":371,"column":10},"end":{"line":375,"column":11}},"type":"if","locations":[{"start":{"line":371,"column":10},"end":{"line":375,"column":11}},{"start":{"line":371,"column":10},"end":{"line":375,"column":11}}],"line":371}},"s":{"0":1,"1":1,"2":1,"3":0,"4":0,"5":1,"6":0,"7":0,"8":1,"9":5,"10":17,"11":17,"12":17,"13":17,"14":17,"15":17,"16":1,"17":5,"18":5,"19":5,"20":0,"21":5,"22":1,"23":0,"24":0,"25":1,"26":0,"27":0,"28":0,"29":1,"30":1,"31":0,"32":0,"33":1,"34":0,"35":0,"36":0,"37":0,"38":0,"39":0,"40":0,"41":0,"42":0,"43":0,"44":0,"45":0,"46":0,"47":0,"48":0,"49":0,"50":1,"51":1,"52":0,"53":0,"54":0,"55":0,"56":0,"57":1,"58":0,"59":0,"60":0,"61":0,"62":0,"63":0,"64":0,"65":0,"66":0,"67":0,"68":0,"69":1,"70":1,"71":0,"72":0,"73":0,"74":0,"75":0,"76":0,"77":0,"78":0,"79":1,"80":0,"81":0,"82":0,"83":0,"84":0,"85":0,"86":0,"87":0,"88":0,"89":0,"90":0,"91":0,"92":0,"93":0,"94":0,"95":0,"96":0,"97":0,"98":0,"99":0,"100":0,"101":0,"102":0,"103":0,"104":0,"105":0,"106":0,"107":0,"108":0,"109":0,"110":0,"111":0,"112":0,"113":0,"114":0,"115":0,"116":0,"117":0,"118":0,"119":0,"120":0,"121":0,"122":1,"123":1,"124":0,"125":0,"126":0,"127":0,"128":0,"129":0,"130":0,"131":0,"132":0,"133":0,"134":1,"135":0,"136":0,"137":0,"138":0,"139":0,"140":0,"141":0,"142":1,"143":0,"144":0,"145":0,"146":0,"147":0,"148":1,"149":1},"f":{"0":1,"1":1,"2":0,"3":0,"4":0,"5":1,"6":5,"7":5,"8":1,"9":0,"10":0,"11":0,"12":0,"13":1,"14":0,"15":0,"16":0,"17":0,"18":0,"19":0,"20":1,"21":0,"22":0,"23":0,"24":0,"25":0,"26":1,"27":0,"28":0,"29":0,"30":0,"31":0,"32":0,"33":0,"34":0,"35":0,"36":0,"37":0,"38":0,"39":0,"40":0,"41":0,"42":0,"43":0,"44":0,"45":0,"46":0,"47":1,"48":0,"49":0,"50":0,"51":0,"52":0},"b":{"0":[1,0],"1":[1,1],"2":[0,0],"3":[0,0],"4":[1,0],"5":[1,1],"6":[0,0],"7":[0,0,0,0],"8":[0,0],"9":[17,17],"10":[17,0],"11":[5,0],"12":[0,5],"13":[0,0],"14":[0,0],"15":[0,0],"16":[0,0],"17":[0,0],"18":[0,0],"19":[0,0],"20":[0,0],"21":[0,0],"22":[0,0],"23":[0,0],"24":[0,0],"25":[0,0],"26":[0,0],"27":[0,0],"28":[0,0],"29":[0,0],"30":[0,0],"31":[0,0],"32":[0,0],"33":[0,0],"34":[0,0]},"_coverageSchema":"332fd63041d2c1bcb487cc26dd0d5f7d97098a6c","hash":"b59b75401f10a1ea4806bb0c769f4a9786752dab"}
}
