TN:
SF:/Users/float/Desktop/GitHub/TVVM/dist/tvvm.js
FN:11,(anonymous_0)
FN:15,(anonymous_1)
FN:17,(anonymous_2)
FN:19,(anonymous_3)
FN:23,(anonymous_4)
FN:29,(anonymous_5)
FN:30,defineProperties
FN:40,(anonymous_7)
FN:47,(anonymous_8)
FN:48,Dep
FN:56,addSubs
FN:61,notify
FN:62,(anonymous_12)
FN:70,(anonymous_13)
FN:71,Observer
FN:79,observer
FN:86,(anonymous_16)
FN:96,setReactive
FN:103,get$$1
FN:109,set$$1
FN:125,(anonymous_20)
FN:126,Watcher
FN:138,getValAndSetTarget
FN:146,getValue
FN:148,(anonymous_24)
FN:154,update
FN:165,(anonymous_26)
FN:166,Compiler
FN:198,compile
FN:203,(anonymous_29)
FN:217,compileText
FN:226,(anonymous_31)
FN:228,(anonymous_32)
FN:244,splitData
FN:247,(anonymous_34)
FN:257,compileNode
FN:263,(anonymous_36)
FN:278,isDirective
FN:286,getDOM
FN:298,isElement
FN:303,isText
FN:311,toFragment
FN:332,updateText
FN:338,tModel
FN:342,(anonymous_44)
FN:347,setVal
FN:349,(anonymous_46)
FN:359,(anonymous_47)
FN:360,TVVM
FN:382,proxy
FN:385,(anonymous_50)
FN:389,get$$1
FN:392,set$$1
FNF:53
FNH:10
FNDA:1,(anonymous_0)
FNDA:1,(anonymous_1)
FNDA:0,(anonymous_2)
FNDA:0,(anonymous_3)
FNDA:0,(anonymous_4)
FNDA:1,(anonymous_5)
FNDA:5,defineProperties
FNDA:5,(anonymous_7)
FNDA:1,(anonymous_8)
FNDA:0,Dep
FNDA:0,addSubs
FNDA:0,notify
FNDA:0,(anonymous_12)
FNDA:1,(anonymous_13)
FNDA:0,Observer
FNDA:0,observer
FNDA:0,(anonymous_16)
FNDA:0,setReactive
FNDA:0,get$$1
FNDA:0,set$$1
FNDA:1,(anonymous_20)
FNDA:0,Watcher
FNDA:0,getValAndSetTarget
FNDA:0,getValue
FNDA:0,(anonymous_24)
FNDA:0,update
FNDA:1,(anonymous_26)
FNDA:0,Compiler
FNDA:0,compile
FNDA:0,(anonymous_29)
FNDA:0,compileText
FNDA:0,(anonymous_31)
FNDA:0,(anonymous_32)
FNDA:0,splitData
FNDA:0,(anonymous_34)
FNDA:0,compileNode
FNDA:0,(anonymous_36)
FNDA:0,isDirective
FNDA:0,getDOM
FNDA:0,isElement
FNDA:0,isText
FNDA:0,toFragment
FNDA:0,updateText
FNDA:0,tModel
FNDA:0,(anonymous_44)
FNDA:0,setVal
FNDA:0,(anonymous_46)
FNDA:1,(anonymous_47)
FNDA:0,TVVM
FNDA:0,proxy
FNDA:0,(anonymous_50)
FNDA:0,get$$1
FNDA:0,set$$1
DA:11,1
DA:12,1
DA:17,1
DA:18,0
DA:20,0
DA:23,1
DA:24,0
DA:25,0
DA:29,1
DA:31,5
DA:32,17
DA:33,17
DA:34,17
DA:35,17
DA:36,17
DA:40,1
DA:41,5
DA:42,5
DA:43,5
DA:47,1
DA:49,0
DA:51,0
DA:54,1
DA:57,0
DA:62,0
DA:63,0
DA:67,1
DA:70,1
DA:72,0
DA:74,0
DA:77,1
DA:80,0
DA:83,0
DA:84,0
DA:86,0
DA:88,0
DA:89,0
DA:97,0
DA:98,0
DA:99,0
DA:100,0
DA:105,0
DA:107,0
DA:110,0
DA:112,0
DA:114,0
DA:116,0
DA:122,1
DA:125,1
DA:127,0
DA:129,0
DA:130,0
DA:131,0
DA:133,0
DA:136,1
DA:139,0
DA:140,0
DA:141,0
DA:142,0
DA:147,0
DA:148,0
DA:149,0
DA:155,0
DA:156,0
DA:157,0
DA:158,0
DA:162,1
DA:165,1
DA:167,0
DA:170,0
DA:172,0
DA:174,0
DA:180,0
DA:183,0
DA:186,0
DA:189,0
DA:196,1
DA:199,0
DA:201,0
DA:203,0
DA:204,0
DA:205,0
DA:206,0
DA:207,0
DA:208,0
DA:218,0
DA:221,0
DA:223,0
DA:224,0
DA:226,0
DA:228,0
DA:230,0
DA:232,0
DA:235,0
DA:236,0
DA:246,0
DA:247,0
DA:248,0
DA:250,0
DA:258,0
DA:260,0
DA:262,0
DA:263,0
DA:264,0
DA:265,0
DA:266,0
DA:267,0
DA:269,0
DA:279,0
DA:287,0
DA:288,0
DA:290,0
DA:299,0
DA:304,0
DA:312,0
DA:313,0
DA:315,0
DA:317,0
DA:322,0
DA:325,1
DA:331,1
DA:334,0
DA:339,0
DA:341,0
DA:342,0
DA:343,0
DA:348,0
DA:349,0
DA:350,0
DA:351,0
DA:353,0
DA:359,1
DA:361,0
DA:364,0
DA:366,0
DA:368,0
DA:371,0
DA:373,0
DA:374,0
DA:380,1
DA:383,0
DA:385,0
DA:386,0
DA:390,0
DA:393,0
DA:399,1
DA:402,1
LF:147
LH:32
BRDA:12,0,0,1
BRDA:12,0,1,0
BRDA:12,1,0,1
BRDA:12,1,1,1
BRDA:13,2,0,0
BRDA:13,2,1,0
BRDA:13,3,0,0
BRDA:13,3,1,0
BRDA:17,4,0,1
BRDA:17,4,1,0
BRDA:17,5,0,1
BRDA:17,5,1,1
BRDA:20,6,0,0
BRDA:20,6,1,0
BRDA:20,7,0,0
BRDA:20,7,1,0
BRDA:20,7,2,0
BRDA:20,7,3,0
BRDA:24,8,0,0
BRDA:24,8,1,0
BRDA:33,9,0,17
BRDA:33,9,1,17
BRDA:35,10,0,17
BRDA:35,10,1,0
BRDA:41,11,0,5
BRDA:41,11,1,0
BRDA:42,12,0,0
BRDA:42,12,1,5
BRDA:83,13,0,0
BRDA:83,13,1,0
BRDA:83,14,0,0
BRDA:83,14,1,0
BRDA:83,15,0,0
BRDA:83,15,1,0
BRDA:105,16,0,0
BRDA:105,16,1,0
BRDA:110,17,0,0
BRDA:110,17,1,0
BRDA:157,18,0,0
BRDA:157,18,1,0
BRDA:158,19,0,0
BRDA:158,19,1,0
BRDA:174,20,0,0
BRDA:174,20,1,0
BRDA:204,21,0,0
BRDA:204,21,1,0
BRDA:207,22,0,0
BRDA:207,22,1,0
BRDA:224,23,0,0
BRDA:224,23,1,0
BRDA:228,24,0,0
BRDA:228,24,1,0
BRDA:232,25,0,0
BRDA:232,25,1,0
BRDA:246,26,0,0
BRDA:246,26,1,0
BRDA:266,27,0,0
BRDA:266,27,1,0
BRDA:287,28,0,0
BRDA:287,28,1,0
BRDA:290,29,0,0
BRDA:290,29,1,0
BRDA:334,30,0,0
BRDA:334,30,1,0
BRDA:341,31,0,0
BRDA:341,31,1,0
BRDA:350,32,0,0
BRDA:350,32,1,0
BRDA:366,33,0,0
BRDA:366,33,1,0
BRDA:371,34,0,0
BRDA:371,34,1,0
BRF:72
BRH:11
end_of_record
